<?xml version="1.0" encoding="UTF-8"?>
<!-- Generated by org.testng.reporters.JUnitReportReporter -->
<testsuite hostname="DESKTOP-8UQ6LI6" failures="0" tests="3" name="com.Runner.RunnerTestSuite" time="0.191" errors="0" timestamp="18 Jan 2024 23:45:24 GMT" skipped="0">
  <testcase classname="com.Runner.RunnerTestSuite" name="runScenario" time="0.159"/>
  <testcase classname="com.Runner.RunnerTestSuite" name="runScenario" time="0.013"/>
  <testcase classname="com.Runner.RunnerTestSuite" name="runScenario" time="0.019"/>
</testsuite> <!-- com.Runner.RunnerTestSuite -->
