<?xml version="1.0" encoding="UTF-8"?>
<!-- Generated by org.testng.reporters.JUnitReportReporter -->
<testsuite hostname="DESKTOP-8UQ6LI6" failures="0" tests="1" name="com.Runner.LoginRunner" time="0.171" errors="0" timestamp="19 Jan 2024 00:32:20 GMT" skipped="0">
  <testcase classname="com.Runner.LoginRunner" name="runScenario" time="0.171"/>
</testsuite> <!-- com.Runner.LoginRunner -->
